This is pdfTeX, Version 3.14159265-2.6-1.40.20 (TeX Live 2019/MacPorts 2019.50896_0) (preloaded format=pdflatex 2019.5.30)  4 AUG 2019 21:22
entering extended mode
 restricted \write18 enabled.
 %&-line parsing enabled.
**notes
(./notes.tex
LaTeX2e <2018-12-01>
(/opt/local/share/texmf-texlive/tex/latex/base/report.cls
Document Class: report 2018/09/03 v1.4i Standard LaTeX document class
(/opt/local/share/texmf-texlive/tex/latex/base/fleqn.clo
File: fleqn.clo 2016/12/29 v1.2b Standard LaTeX option (flush left equations)
\mathindent=\dimen102
Applying: [2015/01/01] Make \[ robust on input line 50.
LaTeX Info: Redefining \[ on input line 51.
Already applied: [0000/00/00] Make \[ robust on input line 62.
Applying: [2015/01/01] Make \] robust on input line 74.
LaTeX Info: Redefining \] on input line 75.
Already applied: [0000/00/00] Make \] robust on input line 83.
)
(/opt/local/share/texmf-texlive/tex/latex/base/size10.clo
File: size10.clo 2018/09/03 v1.4i Standard LaTeX file (size option)
)
\c@part=\count80
\c@chapter=\count81
\c@section=\count82
\c@subsection=\count83
\c@subsubsection=\count84
\c@paragraph=\count85
\c@subparagraph=\count86
\c@figure=\count87
\c@table=\count88
\abovecaptionskip=\skip41
\belowcaptionskip=\skip42
\bibindent=\dimen103
)
(/Users/remkes/Library/texmf/tex/latex/remhref.sty
(/Users/remkes/Library/texmf/tex/latex/remmath.sty
(/opt/local/share/texmf-texlive/tex/latex/booktabs/booktabs.sty
Package: booktabs 2016/04/27 v1.618033 publication quality tables
\heavyrulewidth=\dimen104
\lightrulewidth=\dimen105
\cmidrulewidth=\dimen106
\belowrulesep=\dimen107
\belowbottomsep=\dimen108
\aboverulesep=\dimen109
\abovetopsep=\dimen110
\cmidrulesep=\dimen111
\cmidrulekern=\dimen112
\defaultaddspace=\dimen113
\@cmidla=\count89
\@cmidlb=\count90
\@aboverulesep=\dimen114
\@belowrulesep=\dimen115
\@thisruleclass=\count91
\@lastruleclass=\count92
\@thisrulewidth=\dimen116
)
(/opt/local/share/texmf-texlive/tex/latex/amsmath/amsmath.sty
Package: amsmath 2018/12/01 v2.17b AMS math features
\@mathmargin=\skip43

For additional information on amsmath, use the `?' option.
(/opt/local/share/texmf-texlive/tex/latex/amsmath/amstext.sty
Package: amstext 2000/06/29 v2.01 AMS text

(/opt/local/share/texmf-texlive/tex/latex/amsmath/amsgen.sty
File: amsgen.sty 1999/11/30 v2.0 generic functions
\@emptytoks=\toks14
\ex@=\dimen117
))
(/opt/local/share/texmf-texlive/tex/latex/amsmath/amsbsy.sty
Package: amsbsy 1999/11/29 v1.2d Bold Symbols
\pmbraise@=\dimen118
)
(/opt/local/share/texmf-texlive/tex/latex/amsmath/amsopn.sty
Package: amsopn 2016/03/08 v2.02 operator names
)
\inf@bad=\count93
LaTeX Info: Redefining \frac on input line 223.
\uproot@=\count94
\leftroot@=\count95
LaTeX Info: Redefining \overline on input line 385.
\classnum@=\count96
\DOTSCASE@=\count97
LaTeX Info: Redefining \ldots on input line 482.
LaTeX Info: Redefining \dots on input line 485.
LaTeX Info: Redefining \cdots on input line 606.
\Mathstrutbox@=\box27
\strutbox@=\box28
\big@size=\dimen119
LaTeX Font Info:    Redeclaring font encoding OML on input line 729.
LaTeX Font Info:    Redeclaring font encoding OMS on input line 730.
\macc@depth=\count98
\c@MaxMatrixCols=\count99
\dotsspace@=\muskip10
\c@parentequation=\count100
\dspbrk@lvl=\count101
\tag@help=\toks15
\row@=\count102
\column@=\count103
\maxfields@=\count104
\andhelp@=\toks16
\eqnshift@=\dimen120
\alignsep@=\dimen121
\tagshift@=\dimen122
\tagwidth@=\dimen123
\totwidth@=\dimen124
\lineht@=\dimen125
\@envbody=\toks17
\multlinegap=\skip44
\multlinetaggap=\skip45
\mathdisplay@stack=\toks18
LaTeX Info: Redefining \[ on input line 2844.
LaTeX Info: Redefining \] on input line 2845.
)
(/opt/local/share/texmf-texlive/tex/latex/amsfonts/amssymb.sty
Package: amssymb 2013/01/14 v3.01 AMS font symbols

(/opt/local/share/texmf-texlive/tex/latex/amsfonts/amsfonts.sty
Package: amsfonts 2013/01/14 v3.01 Basic AMSFonts support
\symAMSa=\mathgroup4
\symAMSb=\mathgroup5
LaTeX Font Info:    Overwriting math alphabet `\mathfrak' in version `bold'
(Font)                  U/euf/m/n --> U/euf/b/n on input line 106.
))
(/opt/local/share/texmf-texlive/tex/latex/amscls/amsthm.sty
Package: amsthm 2017/10/31 v2.20.4
\thm@style=\toks19
\thm@bodyfont=\toks20
\thm@headfont=\toks21
\thm@notefont=\toks22
\thm@headpunct=\toks23
\thm@preskip=\skip46
\thm@postskip=\skip47
\thm@headsep=\skip48
\dth@everypar=\toks24
)
(/opt/local/share/texmf-texlive/tex/latex/caption/caption.sty
Package: caption 2018/10/06 v3.3-154 Customizing captions (AR)

(/opt/local/share/texmf-texlive/tex/latex/caption/caption3.sty
Package: caption3 2018/09/12 v1.8c caption3 kernel (AR)
Package caption3 Info: TeX engine: e-TeX on input line 64.

(/opt/local/share/texmf-texlive/tex/latex/graphics/keyval.sty
Package: keyval 2014/10/28 v1.15 key=value parser (DPC)
\KV@toks@=\toks25
)
\captionmargin=\dimen126
\captionmargin@=\dimen127
\captionwidth=\dimen128
\caption@tempdima=\dimen129
\caption@indent=\dimen130
\caption@parindent=\dimen131
\caption@hangindent=\dimen132
)
\c@caption@flags=\count105
\c@ContinuedFloat=\count106
)
(/opt/local/share/texmf-texlive/tex/latex/graphics/epsfig.sty
Package: epsfig 2017/06/25 v1.7b (e)psfig emulation (SPQR)

(/opt/local/share/texmf-texlive/tex/latex/graphics/graphicx.sty
Package: graphicx 2017/06/01 v1.1a Enhanced LaTeX Graphics (DPC,SPQR)

(/opt/local/share/texmf-texlive/tex/latex/graphics/graphics.sty
Package: graphics 2017/06/25 v1.2c Standard LaTeX Graphics (DPC,SPQR)

(/opt/local/share/texmf-texlive/tex/latex/graphics/trig.sty
Package: trig 2016/01/03 v1.10 sin cos tan (DPC)
)
(/opt/local/share/texmf-texlive/tex/latex/graphics-cfg/graphics.cfg
File: graphics.cfg 2016/06/04 v1.11 sample graphics configuration
)
Package graphics Info: Driver file: pdftex.def on input line 99.

(/opt/local/share/texmf-texlive/tex/latex/graphics-def/pdftex.def
File: pdftex.def 2018/01/08 v1.0l Graphics/color driver for pdftex
))
\Gin@req@height=\dimen133
\Gin@req@width=\dimen134
)
\epsfxsize=\dimen135
\epsfysize=\dimen136
)
(/opt/local/share/texmf-texlive/tex/latex/mathtools/mathtools.sty
Package: mathtools 2018/01/08 v1.21 mathematical typesetting tools

(/opt/local/share/texmf-texlive/tex/latex/tools/calc.sty
Package: calc 2017/05/25 v4.3 Infix arithmetic (KKT,FJ)
\calc@Acount=\count107
\calc@Bcount=\count108
\calc@Adimen=\dimen137
\calc@Bdimen=\dimen138
\calc@Askip=\skip49
\calc@Bskip=\skip50
LaTeX Info: Redefining \setlength on input line 80.
LaTeX Info: Redefining \addtolength on input line 81.
\calc@Ccount=\count109
\calc@Cskip=\skip51
)
(/opt/local/share/texmf-texlive/tex/latex/mathtools/mhsetup.sty
Package: mhsetup 2017/03/31 v1.3 programming setup (MH)
)
LaTeX Info: Thecontrolsequence`\('isalreadyrobust on input line 129.
LaTeX Info: Thecontrolsequence`\)'isalreadyrobust on input line 129.
LaTeX Info: Thecontrolsequence`\['isalreadyrobust on input line 129.
LaTeX Info: Thecontrolsequence`\]'isalreadyrobust on input line 129.
\g_MT_multlinerow_int=\count110
\l_MT_multwidth_dim=\dimen139
\origjot=\skip52
\l_MT_shortvdotswithinadjustabove_dim=\dimen140
\l_MT_shortvdotswithinadjustbelow_dim=\dimen141
\l_MT_above_intertext_sep=\dimen142
\l_MT_below_intertext_sep=\dimen143
\l_MT_above_shortintertext_sep=\dimen144
\l_MT_below_shortintertext_sep=\dimen145
)
(/opt/local/share/texmf-texlive/tex/latex/caption/subcaption.sty
Package: subcaption 2018/05/01 v1.1-162 Sub-captions (AR)
\c@subfigure=\count111
\c@subtable=\count112
)
(/opt/local/share/texmf-texlive/tex/latex/tools/verbatim.sty
Package: verbatim 2014/10/28 v1.5q LaTeX2e package for verbatim enhancements
\every@verbatim=\toks26
\verbatim@line=\toks27
\verbatim@in@stream=\read1
)
(/opt/local/share/texmf-texlive/tex/latex/tools/array.sty
Package: array 2018/12/30 v2.4k Tabular extension package (FMi)
\col@sep=\dimen146
\ar@mcellbox=\box29
\extrarowheight=\dimen147
\NC@list=\toks28
\extratabsurround=\skip53
\backup@length=\skip54
\ar@cellbox=\box30
)
(/Users/remkes/Library/texmf/tex/latex/remsymb.sty)
(/Users/remkes/Library/texmf/tex/latex/remdefs.sty
\colveccount=\count113
)
\c@thm=\count114
))
(/opt/local/share/texmf-texlive/tex/latex/hyperref/hyperref.sty
Package: hyperref 2018/11/30 v6.88e Hypertext links for LaTeX

(/opt/local/share/texmf-texlive/tex/generic/oberdiek/hobsub-hyperref.sty
Package: hobsub-hyperref 2016/05/16 v1.14 Bundle oberdiek, subset hyperref (HO)


(/opt/local/share/texmf-texlive/tex/generic/oberdiek/hobsub-generic.sty
Package: hobsub-generic 2016/05/16 v1.14 Bundle oberdiek, subset generic (HO)
Package: hobsub 2016/05/16 v1.14 Construct package bundles (HO)
Package: infwarerr 2016/05/16 v1.4 Providing info/warning/error messages (HO)
Package: ltxcmds 2016/05/16 v1.23 LaTeX kernel commands for general use (HO)
Package: ifluatex 2016/05/16 v1.4 Provides the ifluatex switch (HO)
Package ifluatex Info: LuaTeX not detected.
Package: ifvtex 2016/05/16 v1.6 Detect VTeX and its facilities (HO)
Package ifvtex Info: VTeX not detected.
Package: intcalc 2016/05/16 v1.2 Expandable calculations with integers (HO)
Package: ifpdf 2018/09/07 v3.3 Provides the ifpdf switch
Package: etexcmds 2016/05/16 v1.6 Avoid name clashes with e-TeX commands (HO)
Package: kvsetkeys 2016/05/16 v1.17 Key value parser (HO)
Package: kvdefinekeys 2016/05/16 v1.4 Define keys (HO)
Package: pdftexcmds 2018/09/10 v0.29 Utility functions of pdfTeX for LuaTeX (HO
)
Package pdftexcmds Info: LuaTeX not detected.
Package pdftexcmds Info: \pdf@primitive is available.
Package pdftexcmds Info: \pdf@ifprimitive is available.
Package pdftexcmds Info: \pdfdraftmode found.
Package: pdfescape 2016/05/16 v1.14 Implements pdfTeX's escape features (HO)
Package: bigintcalc 2016/05/16 v1.4 Expandable calculations on big integers (HO
)
Package: bitset 2016/05/16 v1.2 Handle bit-vector datatype (HO)
Package: uniquecounter 2016/05/16 v1.3 Provide unlimited unique counter (HO)
)
Package hobsub Info: Skipping package `hobsub' (already loaded).
Package: letltxmacro 2016/05/16 v1.5 Let assignment for LaTeX macros (HO)
Package: hopatch 2016/05/16 v1.3 Wrapper for package hooks (HO)
Package: xcolor-patch 2016/05/16 xcolor patch
Package: atveryend 2016/05/16 v1.9 Hooks at the very end of document (HO)
Package atveryend Info: \enddocument detected (standard20110627).
Package: atbegshi 2016/06/09 v1.18 At begin shipout hook (HO)
Package: refcount 2016/05/16 v3.5 Data extraction from label references (HO)
Package: hycolor 2016/05/16 v1.8 Color options for hyperref/bookmark (HO)
)
(/opt/local/share/texmf-texlive/tex/generic/ifxetex/ifxetex.sty
Package: ifxetex 2010/09/12 v0.6 Provides ifxetex conditional
)
(/opt/local/share/texmf-texlive/tex/latex/oberdiek/auxhook.sty
Package: auxhook 2016/05/16 v1.4 Hooks for auxiliary files (HO)
)
(/opt/local/share/texmf-texlive/tex/latex/oberdiek/kvoptions.sty
Package: kvoptions 2016/05/16 v3.12 Key value format for package options (HO)
)
\@linkdim=\dimen148
\Hy@linkcounter=\count115
\Hy@pagecounter=\count116

(/opt/local/share/texmf-texlive/tex/latex/hyperref/pd1enc.def
File: pd1enc.def 2018/11/30 v6.88e Hyperref: PDFDocEncoding definition (HO)
Now handling font encoding PD1 ...
... no UTF-8 mapping file for font encoding PD1
)
\Hy@SavedSpaceFactor=\count117

(/opt/local/share/texmf-texlive/tex/latex/latexconfig/hyperref.cfg
File: hyperref.cfg 2002/06/06 v1.2 hyperref configuration of TeXLive
)
Package hyperref Info: Hyper figures OFF on input line 4519.
Package hyperref Info: Link nesting OFF on input line 4524.
Package hyperref Info: Hyper index ON on input line 4527.
Package hyperref Info: Plain pages OFF on input line 4534.
Package hyperref Info: Backreferencing OFF on input line 4539.
Package hyperref Info: Implicit mode ON; LaTeX internals redefined.
Package hyperref Info: Bookmarks ON on input line 4772.
\c@Hy@tempcnt=\count118

(/opt/local/share/texmf-texlive/tex/latex/url/url.sty
\Urlmuskip=\muskip11
Package: url 2013/09/16  ver 3.4  Verb mode for urls, etc.
)
LaTeX Info: Redefining \url on input line 5125.
\XeTeXLinkMargin=\dimen149
\Fld@menulength=\count119
\Field@Width=\dimen150
\Fld@charsize=\dimen151
Package hyperref Info: Hyper figures OFF on input line 6380.
Package hyperref Info: Link nesting OFF on input line 6385.
Package hyperref Info: Hyper index ON on input line 6388.
Package hyperref Info: backreferencing OFF on input line 6395.
Package hyperref Info: Link coloring OFF on input line 6400.
Package hyperref Info: Link coloring with OCG OFF on input line 6405.
Package hyperref Info: PDF/A mode OFF on input line 6410.
LaTeX Info: Redefining \ref on input line 6450.
LaTeX Info: Redefining \pageref on input line 6454.
\Hy@abspage=\count120
\c@Item=\count121
\c@Hfootnote=\count122
)
Package hyperref Info: Driver (autodetected): hpdftex.

(/opt/local/share/texmf-texlive/tex/latex/hyperref/hpdftex.def
File: hpdftex.def 2018/11/30 v6.88e Hyperref driver for pdfTeX
\Fld@listcount=\count123
\c@bookmark@seq@number=\count124

(/opt/local/share/texmf-texlive/tex/latex/oberdiek/rerunfilecheck.sty
Package: rerunfilecheck 2016/05/16 v1.8 Rerun checks for auxiliary files (HO)
Package uniquecounter Info: New unique counter `rerunfilecheck' on input line 2
82.
)
\Hy@SectionHShift=\skip55
)
(/opt/local/share/texmf-texlive/tex/latex/nowidow/nowidow.sty
Package: nowidow 2011/09/20 1.0 Easily prevent widows and orphans
Package: nowidow 
) (./notes.aux)
\openout1 = `notes.aux'.

LaTeX Font Info:    Checking defaults for OML/cmm/m/it on input line 5.
LaTeX Font Info:    ... okay on input line 5.
LaTeX Font Info:    Checking defaults for T1/cmr/m/n on input line 5.
LaTeX Font Info:    ... okay on input line 5.
LaTeX Font Info:    Checking defaults for OT1/cmr/m/n on input line 5.
LaTeX Font Info:    ... okay on input line 5.
LaTeX Font Info:    Checking defaults for OMS/cmsy/m/n on input line 5.
LaTeX Font Info:    ... okay on input line 5.
LaTeX Font Info:    Checking defaults for OMX/cmex/m/n on input line 5.
LaTeX Font Info:    ... okay on input line 5.
LaTeX Font Info:    Checking defaults for U/cmr/m/n on input line 5.
LaTeX Font Info:    ... okay on input line 5.
LaTeX Font Info:    Checking defaults for PD1/pdf/m/n on input line 5.
LaTeX Font Info:    ... okay on input line 5.
Package caption Info: Begin \AtBeginDocument code.
Package caption Info: hyperref package is loaded.
Package caption Info: End \AtBeginDocument code.

(/opt/local/share/texmf-texlive/tex/context/base/mkii/supp-pdf.mkii
[Loading MPS to PDF converter (version 2006.09.02).]
\scratchcounter=\count125
\scratchdimen=\dimen152
\scratchbox=\box31
\nofMPsegments=\count126
\nofMParguments=\count127
\everyMPshowfont=\toks29
\MPscratchCnt=\count128
\MPscratchDim=\dimen153
\MPnumerator=\count129
\makeMPintoPDFobject=\count130
\everyMPtoPDFconversion=\toks30
) (/opt/local/share/texmf-texlive/tex/latex/oberdiek/epstopdf-base.sty
Package: epstopdf-base 2016/05/15 v2.6 Base part for package epstopdf

(/opt/local/share/texmf-texlive/tex/latex/oberdiek/grfext.sty
Package: grfext 2016/05/16 v1.2 Manage graphics extensions (HO)
)
Package epstopdf-base Info: Redefining graphics rule for `.eps' on input line 4
38.
Package grfext Info: Graphics extension search list:
(grfext)             [.pdf,.png,.jpg,.mps,.jpeg,.jbig2,.jb2,.PDF,.PNG,.JPG,.JPE
G,.JBIG2,.JB2,.eps]
(grfext)             \AppendGraphicsExtensions on input line 456.

(/opt/local/share/texmf-texlive/tex/latex/latexconfig/epstopdf-sys.cfg
File: epstopdf-sys.cfg 2010/07/13 v1.3 Configuration of (r)epstopdf for TeX Liv
e
))
\AtBeginShipoutBox=\box32
Package hyperref Info: Link coloring OFF on input line 5.

(/opt/local/share/texmf-texlive/tex/latex/hyperref/nameref.sty
Package: nameref 2016/05/21 v2.44 Cross-referencing by name of section

(/opt/local/share/texmf-texlive/tex/generic/oberdiek/gettitlestring.sty
Package: gettitlestring 2016/05/16 v1.5 Cleanup title references (HO)
)
\c@section@level=\count131
)
LaTeX Info: Redefining \ref on input line 5.
LaTeX Info: Redefining \pageref on input line 5.
LaTeX Info: Redefining \nameref on input line 5.

(./notes.out) (./notes.out)
\@outlinefile=\write3
\openout3 = `notes.out'.

LaTeX Font Info:    Try loading font information for U+msa on input line 13.

(/opt/local/share/texmf-texlive/tex/latex/amsfonts/umsa.fd
File: umsa.fd 2013/01/14 v3.01 AMS symbols A
)
LaTeX Font Info:    Try loading font information for U+msb on input line 13.

(/opt/local/share/texmf-texlive/tex/latex/amsfonts/umsb.fd
File: umsb.fd 2013/01/14 v3.01 AMS symbols B
) [1

{/opt/local/var/db/texmf/fonts/map/pdftex/updmap/pdftex.map}] (./notes.tocpdfTe
X warning (ext4): destination with the same identifier (name{page.1}) has been 
already used, duplicate ignored
<to be read again> 
                   \relax 
l.42 ...ine {4.5}The Dot Product}{55}{section.4.5}
                                                  % [1

] [2])
\tf@toc=\write4
\openout4 = `notes.toc'.

 [3]
Chapter 1.
[4

]
Chapter 2.
[5

] [6] [7] [8] [9] [10] [11] [12] [13] [14] [15] [16] [17] [18]
LaTeX Font Info:    Try loading font information for OMS+cmr on input line 899.


(/opt/local/share/texmf-texlive/tex/latex/base/omscmr.fd
File: omscmr.fd 2014/09/29 v2.5h Standard LaTeX font definitions
)
LaTeX Font Info:    Font shape `OMS/cmr/m/it' in size <10> not available
(Font)              Font shape `OMS/cmsy/m/n' tried instead on input line 899.
 [19] [20] [21]
LaTeX Font Info:    Font shape `OMS/cmr/m/n' in size <10> not available
(Font)              Font shape `OMS/cmsy/m/n' tried instead on input line 1062.


[22] [23] [24] [25] [26] [27] [28]
Chapter 3.
[29

] [30] [31] [32] [33] [34] [35] [36] [37] [38] [39] [40]
Package epstopdf Info: Source file: <figure35.eps>
(epstopdf)                    date: 2016-06-07 21:05:27
(epstopdf)                    size: 75723 bytes
(epstopdf)             Output file: <figure35-eps-converted-to.pdf>
(epstopdf)                    date: 2016-06-07 22:21:05
(epstopdf)                    size: 9651 bytes
(epstopdf)             Command: <repstopdf --outfile=figure35-eps-converted-to.
pdf figure35.eps>
(epstopdf)             \includegraphics on input line 2229.
Package epstopdf Info: Output file is already uptodate.
<figure35-eps-converted-to.pdf, id=632, 342.27875pt x 227.85126pt>
File: figure35-eps-converted-to.pdf Graphic file (type pdf)
<use figure35-eps-converted-to.pdf>
Package pdftex.def Info: figure35-eps-converted-to.pdf  used on input line 2229
.
(pdftex.def)             Requested size: 341.43306pt x 227.30484pt.
 [41] [42 <./figure35-eps-converted-to.pdf>]
Package epstopdf Info: Source file: <figure36.eps>
(epstopdf)                    date: 2018-08-20 22:00:29
(epstopdf)                    size: 76365 bytes
(epstopdf)             Output file: <figure36-eps-converted-to.pdf>
(epstopdf)                    date: 2018-08-20 22:00:34
(epstopdf)                    size: 11016 bytes
(epstopdf)             Command: <repstopdf --outfile=figure36-eps-converted-to.
pdf figure36.eps>
(epstopdf)             \includegraphics on input line 2274.
Package epstopdf Info: Output file is already uptodate.
<figure36-eps-converted-to.pdf, id=663, 342.27875pt x 227.85126pt>
File: figure36-eps-converted-to.pdf Graphic file (type pdf)
<use figure36-eps-converted-to.pdf>
Package pdftex.def Info: figure36-eps-converted-to.pdf  used on input line 2274
.
(pdftex.def)             Requested size: 341.43306pt x 227.30484pt.
 [43 <./figure36-eps-converted-to.pdf>] [44] [45]
[46] [47]
Chapter 4.
[48

] [49]
Package epstopdf Info: Source file: <figure01.eps>
(epstopdf)                    date: 2019-08-04 20:16:57
(epstopdf)                    size: 73326 bytes
(epstopdf)             Output file: <figure01-eps-converted-to.pdf>
(epstopdf)                    date: 2019-08-04 21:18:02
(epstopdf)                    size: 7758 bytes
(epstopdf)             Command: <repstopdf --outfile=figure01-eps-converted-to.
pdf figure01.eps>
(epstopdf)             \includegraphics on input line 2687.
Package epstopdf Info: Output file is already uptodate.
<figure01-eps-converted-to.pdf, id=720, 342.27875pt x 199.74625pt>
File: figure01-eps-converted-to.pdf Graphic file (type pdf)
<use figure01-eps-converted-to.pdf>
Package pdftex.def Info: figure01-eps-converted-to.pdf  used on input line 2687
.
(pdftex.def)             Requested size: 342.2779pt x 199.74576pt.
 [50 <./figure01-eps-converted-to.pdf>]
Package epstopdf Info: Source file: <figure02.eps>
(epstopdf)                    date: 2019-08-04 20:17:00
(epstopdf)                    size: 86550 bytes
(epstopdf)             Output file: <figure02-eps-converted-to.pdf>
(epstopdf)                    date: 2019-08-04 21:18:02
(epstopdf)                    size: 19642 bytes
(epstopdf)             Command: <repstopdf --outfile=figure02-eps-converted-to.
pdf figure02.eps>
(epstopdf)             \includegraphics on input line 2737.
Package epstopdf Info: Output file is already uptodate.
<figure02-eps-converted-to.pdf, id=740, 296.10625pt x 223.83624pt>
File: figure02-eps-converted-to.pdf Graphic file (type pdf)
<use figure02-eps-converted-to.pdf>
Package pdftex.def Info: figure02-eps-converted-to.pdf  used on input line 2737
.
(pdftex.def)             Requested size: 296.10551pt x 223.8357pt.
 [51 <./figure02-eps-converted-to.pdf>]
Package epstopdf Info: Source file: <figure04.eps>
(epstopdf)                    date: 2019-08-04 20:17:01
(epstopdf)                    size: 49471 bytes
(epstopdf)             Output file: <figure04-eps-converted-to.pdf>
(epstopdf)                    date: 2019-08-04 21:18:02
(epstopdf)                    size: 6438 bytes
(epstopdf)             Command: <repstopdf --outfile=figure04-eps-converted-to.
pdf figure04.eps>
(epstopdf)             \includegraphics on input line 2777.
Package epstopdf Info: Output file is already uptodate.
<figure04-eps-converted-to.pdf, id=751, 342.27875pt x 199.74625pt>
File: figure04-eps-converted-to.pdf Graphic file (type pdf)
<use figure04-eps-converted-to.pdf>
Package pdftex.def Info: figure04-eps-converted-to.pdf  used on input line 2777
.
(pdftex.def)             Requested size: 341.43306pt x 199.26723pt.
 [52 <./figure04-eps-converted-to.pdf>]
Package epstopdf Info: Source file: <figure05.eps>
(epstopdf)                    date: 2019-08-04 20:17:03
(epstopdf)                    size: 94131 bytes
(epstopdf)             Output file: <figure05-eps-converted-to.pdf>
(epstopdf)                    date: 2019-08-04 21:18:03
(epstopdf)                    size: 9884 bytes
(epstopdf)             Command: <repstopdf --outfile=figure05-eps-converted-to.
pdf figure05.eps>
(epstopdf)             \includegraphics on input line 2804.
Package epstopdf Info: Output file is already uptodate.
<figure05-eps-converted-to.pdf, id=765, 342.27875pt x 199.74625pt>
File: figure05-eps-converted-to.pdf Graphic file (type pdf)
<use figure05-eps-converted-to.pdf>
Package pdftex.def Info: figure05-eps-converted-to.pdf  used on input line 2804
.
(pdftex.def)             Requested size: 341.43306pt x 199.26723pt.
Package epstopdf Info: Source file: <figure06.eps>
(epstopdf)                    date: 2019-08-04 20:17:04
(epstopdf)                    size: 95211 bytes
(epstopdf)             Output file: <figure06-eps-converted-to.pdf>
(epstopdf)                    date: 2019-08-04 21:18:03
(epstopdf)                    size: 9996 bytes
(epstopdf)             Command: <repstopdf --outfile=figure06-eps-converted-to.
pdf figure06.eps>
(epstopdf)             \includegraphics on input line 2834.
Package epstopdf Info: Output file is already uptodate.
<figure06-eps-converted-to.pdf, id=767, 342.27875pt x 199.74625pt>
File: figure06-eps-converted-to.pdf Graphic file (type pdf)
<use figure06-eps-converted-to.pdf>
Package pdftex.def Info: figure06-eps-converted-to.pdf  used on input line 2834
.
(pdftex.def)             Requested size: 342.2779pt x 199.74576pt.
 [53 <./figure05-eps-converted-to.pdf>] [54 <./figure06-eps-converted-to.pdf>] 
[55] [56] [57]
Package epstopdf Info: Source file: <figure08.eps>
(epstopdf)                    date: 2019-08-04 20:17:06
(epstopdf)                    size: 51029 bytes
(epstopdf)             Output file: <figure08-eps-converted-to.pdf>
(epstopdf)                    date: 2019-08-04 21:18:03
(epstopdf)                    size: 6552 bytes
(epstopdf)             Command: <repstopdf --outfile=figure08-eps-converted-to.
pdf figure08.eps>
(epstopdf)             \includegraphics on input line 3120.
Package epstopdf Info: Output file is already uptodate.
<figure08-eps-converted-to.pdf, id=835, 342.27875pt x 199.74625pt>
File: figure08-eps-converted-to.pdf Graphic file (type pdf)
<use figure08-eps-converted-to.pdf>
Package pdftex.def Info: figure08-eps-converted-to.pdf  used on input line 3120
.
(pdftex.def)             Requested size: 342.2779pt x 199.74576pt.
 [58 <./figure08-eps-converted-to.pdf>] [59] [60] [61] [62]

Package hyperref Warning: Token not allowed in a PDF string (PDFDocEncoding):
(hyperref)                removing `math shift' on input line 3464.


Package hyperref Warning: Token not allowed in a PDF string (PDFDocEncoding):
(hyperref)                removing `superscript' on input line 3464.


Package hyperref Warning: Token not allowed in a PDF string (PDFDocEncoding):
(hyperref)                removing `math shift' on input line 3464.


Package hyperref Warning: Token not allowed in a PDF string (PDFDocEncoding):
(hyperref)                removing `math shift' on input line 3464.


Package hyperref Warning: Token not allowed in a PDF string (PDFDocEncoding):
(hyperref)                removing `superscript' on input line 3464.


Package hyperref Warning: Token not allowed in a PDF string (PDFDocEncoding):
(hyperref)                removing `math shift' on input line 3464.

[63] [64] [65]

Package hyperref Warning: Token not allowed in a PDF string (PDFDocEncoding):
(hyperref)                removing `math shift' on input line 3682.


Package hyperref Warning: Token not allowed in a PDF string (PDFDocEncoding):
(hyperref)                removing `superscript' on input line 3682.


Package hyperref Warning: Token not allowed in a PDF string (PDFDocEncoding):
(hyperref)                removing `math shift' on input line 3682.

[66] [67] [68] [69] [70] [71]
Chapter 5.
Package epstopdf Info: Source file: <figure26.eps>
(epstopdf)                    date: 2018-08-23 08:53:20
(epstopdf)                    size: 48803 bytes
(epstopdf)             Output file: <figure26-eps-converted-to.pdf>
(epstopdf)                    date: 2018-08-23 08:53:23
(epstopdf)                    size: 5821 bytes
(epstopdf)             Command: <repstopdf --outfile=figure26-eps-converted-to.
pdf figure26.eps>
(epstopdf)             \includegraphics on input line 4213.
Package epstopdf Info: Output file is already uptodate.
<figure26-eps-converted-to.pdf, id=935, 342.27875pt x 199.74625pt>
File: figure26-eps-converted-to.pdf Graphic file (type pdf)
<use figure26-eps-converted-to.pdf>
Package pdftex.def Info: figure26-eps-converted-to.pdf  used on input line 4213
.
(pdftex.def)             Requested size: 341.43306pt x 199.26723pt.
[72

]
Package epstopdf Info: Source file: <figure27.eps>
(epstopdf)                    date: 2018-08-23 08:54:03
(epstopdf)                    size: 32657 bytes
(epstopdf)             Output file: <figure27-eps-converted-to.pdf>
(epstopdf)                    date: 2018-08-23 08:54:38
(epstopdf)                    size: 4562 bytes
(epstopdf)             Command: <repstopdf --outfile=figure27-eps-converted-to.
pdf figure27.eps>
(epstopdf)             \includegraphics on input line 4254.
Package epstopdf Info: Output file is already uptodate.
<figure27-eps-converted-to.pdf, id=943, 199.74625pt x 199.74625pt>
File: figure27-eps-converted-to.pdf Graphic file (type pdf)
<use figure27-eps-converted-to.pdf>
Package pdftex.def Info: figure27-eps-converted-to.pdf  used on input line 4254
.
(pdftex.def)             Requested size: 142.26378pt x 142.26886pt.
Package epstopdf Info: Source file: <figure28.eps>
(epstopdf)                    date: 2018-08-23 08:54:18
(epstopdf)                    size: 32016 bytes
(epstopdf)             Output file: <figure28-eps-converted-to.pdf>
(epstopdf)                    date: 2018-08-23 08:54:39
(epstopdf)                    size: 4292 bytes
(epstopdf)             Command: <repstopdf --outfile=figure28-eps-converted-to.
pdf figure28.eps>
(epstopdf)             \includegraphics on input line 4261.
Package epstopdf Info: Output file is already uptodate.
<figure28-eps-converted-to.pdf, id=944, 199.74625pt x 199.74625pt>
File: figure28-eps-converted-to.pdf Graphic file (type pdf)
<use figure28-eps-converted-to.pdf>
Package pdftex.def Info: figure28-eps-converted-to.pdf  used on input line 4261
.
(pdftex.def)             Requested size: 142.26378pt x 142.26886pt.
Package epstopdf Info: Source file: <figure29.eps>
(epstopdf)                    date: 2018-08-23 08:54:32
(epstopdf)                    size: 32027 bytes
(epstopdf)             Output file: <figure29-eps-converted-to.pdf>
(epstopdf)                    date: 2018-08-23 08:54:39
(epstopdf)                    size: 4470 bytes
(epstopdf)             Command: <repstopdf --outfile=figure29-eps-converted-to.
pdf figure29.eps>
(epstopdf)             \includegraphics on input line 4268.
Package epstopdf Info: Output file is already uptodate.
<figure29-eps-converted-to.pdf, id=945, 199.74625pt x 199.74625pt>
File: figure29-eps-converted-to.pdf Graphic file (type pdf)
<use figure29-eps-converted-to.pdf>
Package pdftex.def Info: figure29-eps-converted-to.pdf  used on input line 4268
.
(pdftex.def)             Requested size: 142.26378pt x 142.26886pt.
Package epstopdf Info: Source file: <figure30.eps>
(epstopdf)                    date: 2018-08-23 08:55:01
(epstopdf)                    size: 32668 bytes
(epstopdf)             Output file: <figure30-eps-converted-to.pdf>
(epstopdf)                    date: 2018-08-23 08:55:07
(epstopdf)                    size: 4351 bytes
(epstopdf)             Command: <repstopdf --outfile=figure30-eps-converted-to.
pdf figure30.eps>
(epstopdf)             \includegraphics on input line 4275.
Package epstopdf Info: Output file is already uptodate.
<figure30-eps-converted-to.pdf, id=946, 199.74625pt x 199.74625pt>
File: figure30-eps-converted-to.pdf Graphic file (type pdf)
<use figure30-eps-converted-to.pdf>
Package pdftex.def Info: figure30-eps-converted-to.pdf  used on input line 4275
.
(pdftex.def)             Requested size: 142.26378pt x 142.26886pt.
 [73 <./figure26-eps-converted-to.pdf>] [74 <./figure27-eps-converted-to.pdf> <
./figure28-eps-converted-to.pdf>] [75 <./figure29-eps-converted-to.pdf> <./figu
re30-eps-converted-to.pdf>]
Chapter 6.
[76

]
Package epstopdf Info: Source file: <figure10.eps>
(epstopdf)                    date: 2018-08-23 08:57:56
(epstopdf)                    size: 48998 bytes
(epstopdf)             Output file: <figure10-eps-converted-to.pdf>
(epstopdf)                    date: 2018-08-23 08:57:58
(epstopdf)                    size: 6461 bytes
(epstopdf)             Command: <repstopdf --outfile=figure10-eps-converted-to.
pdf figure10.eps>
(epstopdf)             \includegraphics on input line 4470.
Package epstopdf Info: Output file is already uptodate.
<figure10-eps-converted-to.pdf, id=992, 263.98625pt x 199.74625pt>
File: figure10-eps-converted-to.pdf Graphic file (type pdf)
<use figure10-eps-converted-to.pdf>
Package pdftex.def Info: figure10-eps-converted-to.pdf  used on input line 4470
.
(pdftex.def)             Requested size: 142.26378pt x 107.6419pt.
 [77]
Package epstopdf Info: Source file: <figure11.eps>
(epstopdf)                    date: 2018-08-23 08:57:17
(epstopdf)                    size: 77545 bytes
(epstopdf)             Output file: <figure11-eps-converted-to.pdf>
(epstopdf)                    date: 2018-08-23 08:57:20
(epstopdf)                    size: 8699 bytes
(epstopdf)             Command: <repstopdf --outfile=figure11-eps-converted-to.
pdf figure11.eps>
(epstopdf)             \includegraphics on input line 4477.
Package epstopdf Info: Output file is already uptodate.
<figure11-eps-converted-to.pdf, id=1001, 342.27875pt x 199.74625pt>
File: figure11-eps-converted-to.pdf Graphic file (type pdf)
<use figure11-eps-converted-to.pdf>
Package pdftex.def Info: figure11-eps-converted-to.pdf  used on input line 4477
.
(pdftex.def)             Requested size: 142.26378pt x 83.0242pt.
Package epstopdf Info: Source file: <figure12.eps>
(epstopdf)                    date: 2018-08-23 08:58:22
(epstopdf)                    size: 32507 bytes
(epstopdf)             Output file: <figure12-eps-converted-to.pdf>
(epstopdf)                    date: 2018-08-23 08:58:24
(epstopdf)                    size: 4455 bytes
(epstopdf)             Command: <repstopdf --outfile=figure12-eps-converted-to.
pdf figure12.eps>
(epstopdf)             \includegraphics on input line 4524.
Package epstopdf Info: Output file is already uptodate.
<figure12-eps-converted-to.pdf, id=1003, 342.27875pt x 199.74625pt>
File: figure12-eps-converted-to.pdf Graphic file (type pdf)
<use figure12-eps-converted-to.pdf>
Package pdftex.def Info: figure12-eps-converted-to.pdf  used on input line 4524
.
(pdftex.def)             Requested size: 142.26378pt x 83.0242pt.
Package epstopdf Info: Source file: <figure13.eps>
(epstopdf)                    date: 2018-08-23 08:59:32
(epstopdf)                    size: 32432 bytes
(epstopdf)             Output file: <figure13-eps-converted-to.pdf>
(epstopdf)                    date: 2018-08-23 08:59:34
(epstopdf)                    size: 4604 bytes
(epstopdf)             Command: <repstopdf --outfile=figure13-eps-converted-to.
pdf figure13.eps>
(epstopdf)             \includegraphics on input line 4531.
Package epstopdf Info: Output file is already uptodate.
<figure13-eps-converted-to.pdf, id=1004, 288.07625pt x 199.74625pt>
File: figure13-eps-converted-to.pdf Graphic file (type pdf)
<use figure13-eps-converted-to.pdf>
Package pdftex.def Info: figure13-eps-converted-to.pdf  used on input line 4531
.
(pdftex.def)             Requested size: 142.26378pt x 98.64458pt.
 [78 <./figure10-eps-converted-to.pdf> <./figure11-eps-converted-to.pdf>]
Package epstopdf Info: Source file: <figure14.eps>
(epstopdf)                    date: 2018-08-23 09:00:50
(epstopdf)                    size: 32284 bytes
(epstopdf)             Output file: <figure14-eps-converted-to.pdf>
(epstopdf)                    date: 2018-08-23 09:00:52
(epstopdf)                    size: 4620 bytes
(epstopdf)             Command: <repstopdf --outfile=figure14-eps-converted-to.
pdf figure14.eps>
(epstopdf)             \includegraphics on input line 4567.
Package epstopdf Info: Output file is already uptodate.
<figure14-eps-converted-to.pdf, id=1033, 199.74625pt x 199.74625pt>
File: figure14-eps-converted-to.pdf Graphic file (type pdf)
<use figure14-eps-converted-to.pdf>
Package pdftex.def Info: figure14-eps-converted-to.pdf  used on input line 4567
.
(pdftex.def)             Requested size: 142.26378pt x 142.26886pt.
Package epstopdf Info: Source file: <figure15.eps>
(epstopdf)                    date: 2018-08-23 09:01:30
(epstopdf)                    size: 18812 bytes
(epstopdf)             Output file: <figure15-eps-converted-to.pdf>
(epstopdf)                    date: 2018-08-23 09:01:32
(epstopdf)                    size: 19735 bytes
(epstopdf)             Command: <repstopdf --outfile=figure15-eps-converted-to.
pdf figure15.eps>
(epstopdf)             \includegraphics on input line 4574.
Package epstopdf Info: Output file is already uptodate.
<figure15-eps-converted-to.pdf, id=1034, 292.09125pt x 227.85126pt>
File: figure15-eps-converted-to.pdf Graphic file (type pdf)
<use figure15-eps-converted-to.pdf>
Package pdftex.def Info: figure15-eps-converted-to.pdf  used on input line 4574
.
(pdftex.def)             Requested size: 142.26378pt x 110.97708pt.
 [79 <./figure12-eps-converted-to.pdf> <./figure13-eps-converted-to.pdf>]
Package epstopdf Info: Source file: <figure17.eps>
(epstopdf)                    date: 2018-08-23 09:02:32
(epstopdf)                    size: 48606 bytes
(epstopdf)             Output file: <figure17-eps-converted-to.pdf>
(epstopdf)                    date: 2018-08-23 09:02:34
(epstopdf)                    size: 6523 bytes
(epstopdf)             Command: <repstopdf --outfile=figure17-eps-converted-to.
pdf figure17.eps>
(epstopdf)             \includegraphics on input line 4612.
Package epstopdf Info: Output file is already uptodate.
<figure17-eps-converted-to.pdf, id=1059, 342.27875pt x 199.74625pt>
File: figure17-eps-converted-to.pdf Graphic file (type pdf)
<use figure17-eps-converted-to.pdf>
Package pdftex.def Info: figure17-eps-converted-to.pdf  used on input line 4612
.
(pdftex.def)             Requested size: 341.43306pt x 199.26723pt.

[80 <./figure14-eps-converted-to.pdf> <./figure15-eps-converted-to.pdf>]
[81 <./figure17-eps-converted-to.pdf>]
Package epstopdf Info: Source file: <figure19.eps>
(epstopdf)                    date: 2018-08-23 09:04:24
(epstopdf)                    size: 47342 bytes
(epstopdf)             Output file: <figure19-eps-converted-to.pdf>
(epstopdf)                    date: 2018-08-23 09:04:26
(epstopdf)                    size: 6220 bytes
(epstopdf)             Command: <repstopdf --outfile=figure19-eps-converted-to.
pdf figure19.eps>
(epstopdf)             \includegraphics on input line 4684.
Package epstopdf Info: Output file is already uptodate.
<figure19-eps-converted-to.pdf, id=1088, 342.27875pt x 199.74625pt>
File: figure19-eps-converted-to.pdf Graphic file (type pdf)
<use figure19-eps-converted-to.pdf>
Package pdftex.def Info: figure19-eps-converted-to.pdf  used on input line 4684
.
(pdftex.def)             Requested size: 341.43306pt x 199.26723pt.
 [82 <./figure19-eps-converted-to.pdf>]
Package epstopdf Info: Source file: <figure20.eps>
(epstopdf)                    date: 2018-08-23 09:05:16
(epstopdf)                    size: 32031 bytes
(epstopdf)             Output file: <figure20-eps-converted-to.pdf>
(epstopdf)                    date: 2018-08-23 09:05:17
(epstopdf)                    size: 4374 bytes
(epstopdf)             Command: <repstopdf --outfile=figure20-eps-converted-to.
pdf figure20.eps>
(epstopdf)             \includegraphics on input line 4738.
Package epstopdf Info: Output file is already uptodate.
<figure20-eps-converted-to.pdf, id=1104, 199.74625pt x 199.74625pt>
File: figure20-eps-converted-to.pdf Graphic file (type pdf)
<use figure20-eps-converted-to.pdf>
Package pdftex.def Info: figure20-eps-converted-to.pdf  used on input line 4738
.
(pdftex.def)             Requested size: 199.16928pt x 199.17885pt.

[83 <./figure20-eps-converted-to.pdf>] [84]
Package epstopdf Info: Source file: <figure21.eps>
(epstopdf)                    date: 2018-08-23 09:05:42
(epstopdf)                    size: 15165 bytes
(epstopdf)             Output file: <figure21-eps-converted-to.pdf>
(epstopdf)                    date: 2018-08-23 09:05:44
(epstopdf)                    size: 16634 bytes
(epstopdf)             Command: <repstopdf --outfile=figure21-eps-converted-to.
pdf figure21.eps>
(epstopdf)             \includegraphics on input line 4836.
Package epstopdf Info: Output file is already uptodate.
<figure21-eps-converted-to.pdf, id=1125, 312.16624pt x 205.76875pt>
File: figure21-eps-converted-to.pdf Graphic file (type pdf)
<use figure21-eps-converted-to.pdf>
Package pdftex.def Info: figure21-eps-converted-to.pdf  used on input line 4836
.
(pdftex.def)             Requested size: 341.43306pt x 225.06528pt.
 [85 <./figure21-eps-converted-to.pdf>]
Package epstopdf Info: Source file: <figure16.eps>
(epstopdf)                    date: 2018-08-23 09:06:40
(epstopdf)                    size: 80957 bytes
(epstopdf)             Output file: <figure16-eps-converted-to.pdf>
(epstopdf)                    date: 2018-08-23 09:06:42
(epstopdf)                    size: 10059 bytes
(epstopdf)             Command: <repstopdf --outfile=figure16-eps-converted-to.
pdf figure16.eps>
(epstopdf)             \includegraphics on input line 4884.
Package epstopdf Info: Output file is already uptodate.
<figure16-eps-converted-to.pdf, id=1139, 342.27875pt x 199.74625pt>
File: figure16-eps-converted-to.pdf Graphic file (type pdf)
<use figure16-eps-converted-to.pdf>
Package pdftex.def Info: figure16-eps-converted-to.pdf  used on input line 4884
.
(pdftex.def)             Requested size: 341.43306pt x 199.26723pt.
 [86 <./figure16-eps-converted-to.pdf>]
Package epstopdf Info: Source file: <figure18.eps>
(epstopdf)                    date: 2018-08-23 09:07:16
(epstopdf)                    size: 65286 bytes
(epstopdf)             Output file: <figure18-eps-converted-to.pdf>
(epstopdf)                    date: 2018-08-23 09:07:17
(epstopdf)                    size: 8323 bytes
(epstopdf)             Command: <repstopdf --outfile=figure18-eps-converted-to.
pdf figure18.eps>
(epstopdf)             \includegraphics on input line 4911.
Package epstopdf Info: Output file is already uptodate.
<figure18-eps-converted-to.pdf, id=1159, 342.27875pt x 199.74625pt>
File: figure18-eps-converted-to.pdf Graphic file (type pdf)
<use figure18-eps-converted-to.pdf>
Package pdftex.def Info: figure18-eps-converted-to.pdf  used on input line 4911
.
(pdftex.def)             Requested size: 341.43306pt x 199.26723pt.
 [87 <./figure18-eps-converted-to.pdf>] [88] [89] [90] [91] [92]
Package epstopdf Info: Source file: <figure22.eps>
(epstopdf)                    date: 2018-08-23 09:07:43
(epstopdf)                    size: 19789 bytes
(epstopdf)             Output file: <figure22-eps-converted-to.pdf>
(epstopdf)                    date: 2018-08-23 09:07:45
(epstopdf)                    size: 20550 bytes
(epstopdf)             Command: <repstopdf --outfile=figure22-eps-converted-to.
pdf figure22.eps>
(epstopdf)             \includegraphics on input line 5310.
Package epstopdf Info: Output file is already uptodate.
<figure22-eps-converted-to.pdf, id=1216, 308.15125pt x 217.81375pt>
File: figure22-eps-converted-to.pdf Graphic file (type pdf)
<use figure22-eps-converted-to.pdf>
Package pdftex.def Info: figure22-eps-converted-to.pdf  used on input line 5310
.
(pdftex.def)             Requested size: 341.43306pt x 241.35733pt.
 [93 <./figure22-eps-converted-to.pdf>] [94]
[95] [96] [97]
Package epstopdf Info: Source file: <figure23.eps>
(epstopdf)                    date: 2018-08-23 09:09:13
(epstopdf)                    size: 53638 bytes
(epstopdf)             Output file: <figure23-eps-converted-to.pdf>
(epstopdf)                    date: 2018-08-23 09:09:15
(epstopdf)                    size: 7805 bytes
(epstopdf)             Command: <repstopdf --outfile=figure23-eps-converted-to.
pdf figure23.eps>
(epstopdf)             \includegraphics on input line 5646.
Package epstopdf Info: Output file is already uptodate.
<figure23-eps-converted-to.pdf, id=1255, 342.27875pt x 199.74625pt>
File: figure23-eps-converted-to.pdf Graphic file (type pdf)
<use figure23-eps-converted-to.pdf>
Package pdftex.def Info: figure23-eps-converted-to.pdf  used on input line 5646
.
(pdftex.def)             Requested size: 341.43306pt x 199.26723pt.
 [98] [99 <./figure23-eps-converted-to.pdf>] [100]
Package epstopdf Info: Source file: <figure24.eps>
(epstopdf)                    date: 2018-08-23 09:09:38
(epstopdf)                    size: 52475 bytes
(epstopdf)             Output file: <figure24-eps-converted-to.pdf>
(epstopdf)                    date: 2018-08-23 09:09:40
(epstopdf)                    size: 7368 bytes
(epstopdf)             Command: <repstopdf --outfile=figure24-eps-converted-to.
pdf figure24.eps>
(epstopdf)             \includegraphics on input line 5818.
Package epstopdf Info: Output file is already uptodate.
<figure24-eps-converted-to.pdf, id=1289, 342.27875pt x 199.74625pt>
File: figure24-eps-converted-to.pdf Graphic file (type pdf)
<use figure24-eps-converted-to.pdf>
Package pdftex.def Info: figure24-eps-converted-to.pdf  used on input line 5818
.
(pdftex.def)             Requested size: 341.43306pt x 199.26723pt.
 [101] [102 <./figure24-eps-converted-to.pdf>] [103] [104] [105]
Package epstopdf Info: Source file: <figure25.eps>
(epstopdf)                    date: 2018-08-23 09:10:04
(epstopdf)                    size: 53049 bytes
(epstopdf)             Output file: <figure25-eps-converted-to.pdf>
(epstopdf)                    date: 2018-08-23 09:10:06
(epstopdf)                    size: 7384 bytes
(epstopdf)             Command: <repstopdf --outfile=figure25-eps-converted-to.
pdf figure25.eps>
(epstopdf)             \includegraphics on input line 6100.
Package epstopdf Info: Output file is already uptodate.
<figure25-eps-converted-to.pdf, id=1338, 342.27875pt x 199.74625pt>
File: figure25-eps-converted-to.pdf Graphic file (type pdf)
<use figure25-eps-converted-to.pdf>
Package pdftex.def Info: figure25-eps-converted-to.pdf  used on input line 6100
.
(pdftex.def)             Requested size: 341.43306pt x 199.26723pt.
 [106] [107 <./figure25-eps-converted-to.pdf>] [108] [109]
Chapter 7.

Package hyperref Warning: Token not allowed in a PDF string (PDFDocEncoding):
(hyperref)                removing `math shift' on input line 6235.


Package hyperref Warning: Token not allowed in a PDF string (PDFDocEncoding):
(hyperref)                removing `superscript' on input line 6235.


Package hyperref Warning: Token not allowed in a PDF string (PDFDocEncoding):
(hyperref)                removing `math shift' on input line 6235.

[110

] [111]
Chapter 8.
[112

] [113]
Package epstopdf Info: Source file: <figure37.eps>
(epstopdf)                    date: 2018-08-23 09:16:10
(epstopdf)                    size: 324511 bytes
(epstopdf)             Output file: <figure37-eps-converted-to.pdf>
(epstopdf)                    date: 2018-08-23 09:16:13
(epstopdf)                    size: 149114 bytes
(epstopdf)             Command: <repstopdf --outfile=figure37-eps-converted-to.
pdf figure37.eps>
(epstopdf)             \includegraphics on input line 6491.
Package epstopdf Info: Output file is already uptodate.
<figure37-eps-converted-to.pdf, id=1416, 296.10625pt x 163.61125pt>
File: figure37-eps-converted-to.pdf Graphic file (type pdf)
<use figure37-eps-converted-to.pdf>
Package pdftex.def Info: figure37-eps-converted-to.pdf  used on input line 6491
.
(pdftex.def)             Requested size: 341.43306pt x 188.66324pt.
 [114 <./figure37-eps-converted-to.pdf>]
Package epstopdf Info: Source file: <figure32.eps>
(epstopdf)                    date: 2018-08-23 09:11:41
(epstopdf)                    size: 139794 bytes
(epstopdf)             Output file: <figure32-eps-converted-to.pdf>
(epstopdf)                    date: 2018-08-23 09:11:44
(epstopdf)                    size: 25792 bytes
(epstopdf)             Command: <repstopdf --outfile=figure32-eps-converted-to.
pdf figure32.eps>
(epstopdf)             \includegraphics on input line 6539.
Package epstopdf Info: Output file is already uptodate.
<figure32-eps-converted-to.pdf, id=1430, 199.74625pt x 199.74625pt>
File: figure32-eps-converted-to.pdf Graphic file (type pdf)
<use figure32-eps-converted-to.pdf>
Package pdftex.def Info: figure32-eps-converted-to.pdf  used on input line 6539
.
(pdftex.def)             Requested size: 199.16928pt x 199.17885pt.
Package epstopdf Info: Source file: <figure34.eps>
(epstopdf)                    date: 2018-08-23 09:12:05
(epstopdf)                    size: 306058 bytes
(epstopdf)             Output file: <figure34-eps-converted-to.pdf>
(epstopdf)                    date: 2018-08-23 09:12:07
(epstopdf)                    size: 69167 bytes
(epstopdf)             Command: <repstopdf --outfile=figure34-eps-converted-to.
pdf figure34.eps>
(epstopdf)             \includegraphics on input line 6554.
Package epstopdf Info: Output file is already uptodate.
<figure34-eps-converted-to.pdf, id=1433, 342.27875pt x 199.74625pt>
File: figure34-eps-converted-to.pdf Graphic file (type pdf)
<use figure34-eps-converted-to.pdf>
Package pdftex.def Info: figure34-eps-converted-to.pdf  used on input line 6554
.
(pdftex.def)             Requested size: 341.43306pt x 199.26723pt.
 [115 <./figure32-eps-converted-to.pdf>] [116 <./figure34-eps-converted-to.pdf>
]
Package epstopdf Info: Source file: <figure38.eps>
(epstopdf)                    date: 2018-08-23 09:19:53
(epstopdf)                    size: 359518 bytes
(epstopdf)             Output file: <figure38-eps-converted-to.pdf>
(epstopdf)                    date: 2018-08-23 09:19:56
(epstopdf)                    size: 191044 bytes
(epstopdf)             Command: <repstopdf --outfile=figure38-eps-converted-to.
pdf figure38.eps>
(epstopdf)             \includegraphics on input line 6661.
Package epstopdf Info: Output file is already uptodate.
<figure38-eps-converted-to.pdf, id=1454, 294.09875pt x 185.69376pt>
File: figure38-eps-converted-to.pdf Graphic file (type pdf)
<use figure38-eps-converted-to.pdf>
Package pdftex.def Info: figure38-eps-converted-to.pdf  used on input line 6661
.
(pdftex.def)             Requested size: 341.43306pt x 215.5834pt.
 [117] [118 <./figure38-eps-converted-to.pdf>] [119]
Package epstopdf Info: Source file: <figure39.eps>
(epstopdf)                    date: 2018-08-23 09:20:26
(epstopdf)                    size: 52678 bytes
(epstopdf)             Output file: <figure39-eps-converted-to.pdf>
(epstopdf)                    date: 2018-08-23 09:20:28
(epstopdf)                    size: 7578 bytes
(epstopdf)             Command: <repstopdf --outfile=figure39-eps-converted-to.
pdf figure39.eps>
(epstopdf)             \includegraphics on input line 6856.
Package epstopdf Info: Output file is already uptodate.
<figure39-eps-converted-to.pdf, id=1481, 342.27875pt x 199.74625pt>
File: figure39-eps-converted-to.pdf Graphic file (type pdf)
<use figure39-eps-converted-to.pdf>
Package pdftex.def Info: figure39-eps-converted-to.pdf  used on input line 6856
.
(pdftex.def)             Requested size: 341.43306pt x 199.26723pt.
 [120] [121 <./figure39-eps-converted-to.pdf>]
[122] [123] [124] [125]
Package epstopdf Info: Source file: <figure40.eps>
(epstopdf)                    date: 2018-08-23 09:22:34
(epstopdf)                    size: 431889 bytes
(epstopdf)             Output file: <figure40-eps-converted-to.pdf>
(epstopdf)                    date: 2018-08-23 09:22:37
(epstopdf)                    size: 128506 bytes
(epstopdf)             Command: <repstopdf --outfile=figure40-eps-converted-to.
pdf figure40.eps>
(epstopdf)             \includegraphics on input line 7204.
Package epstopdf Info: Output file is already uptodate.
<figure40-eps-converted-to.pdf, id=1524, 257.96375pt x 151.56625pt>
File: figure40-eps-converted-to.pdf Graphic file (type pdf)
<use figure40-eps-converted-to.pdf>
Package pdftex.def Info: figure40-eps-converted-to.pdf  used on input line 7204
.
(pdftex.def)             Requested size: 341.43306pt x 200.62773pt.
Package epstopdf Info: Source file: <figure41.eps>
(epstopdf)                    date: 2018-08-23 09:47:07
(epstopdf)                    size: 406403 bytes
(epstopdf)             Output file: <figure41-eps-converted-to.pdf>
(epstopdf)                    date: 2018-08-23 09:47:10
(epstopdf)                    size: 101682 bytes
(epstopdf)             Command: <repstopdf --outfile=figure41-eps-converted-to.
pdf figure41.eps>
(epstopdf)             \includegraphics on input line 7235.
Package epstopdf Info: Output file is already uptodate.
<figure41-eps-converted-to.pdf, id=1525, 257.96375pt x 153.57375pt>
File: figure41-eps-converted-to.pdf Graphic file (type pdf)
<use figure41-eps-converted-to.pdf>
Package pdftex.def Info: figure41-eps-converted-to.pdf  used on input line 7235
.
(pdftex.def)             Requested size: 341.43306pt x 203.28505pt.
 [126 <./figure40-eps-converted-to.pdf>] [127 <./figure41-eps-converted-to.pdf>
] [128] [129] [130] [131] [132] [133]
Chapter 9.
[134

]
Package epstopdf Info: Source file: <figure43.eps>
(epstopdf)                    date: 2018-08-23 09:28:40
(epstopdf)                    size: 265472 bytes
(epstopdf)             Output file: <figure43-eps-converted-to.pdf>
(epstopdf)                    date: 2018-08-23 09:28:46
(epstopdf)                    size: 106808 bytes
(epstopdf)             Command: <repstopdf --outfile=figure43-eps-converted-to.
pdf figure43.eps>
(epstopdf)             \includegraphics on input line 7774.
Package epstopdf Info: Output file is already uptodate.
<figure43-eps-converted-to.pdf, id=1596, 362.35374pt x 217.81375pt>
File: figure43-eps-converted-to.pdf Graphic file (type pdf)
<use figure43-eps-converted-to.pdf>
Package pdftex.def Info: figure43-eps-converted-to.pdf  used on input line 7774
.
(pdftex.def)             Requested size: 341.43306pt x 205.24014pt.
Package epstopdf Info: Source file: <figure44.eps>
(epstopdf)                    date: 2018-08-23 09:31:16
(epstopdf)                    size: 183717 bytes
(epstopdf)             Output file: <figure44-eps-converted-to.pdf>
(epstopdf)                    date: 2018-08-23 09:31:18
(epstopdf)                    size: 116815 bytes
(epstopdf)             Command: <repstopdf --outfile=figure44-eps-converted-to.
pdf figure44.eps>
(epstopdf)             \includegraphics on input line 7791.
Package epstopdf Info: Output file is already uptodate.
<figure44-eps-converted-to.pdf, id=1598, 342.27875pt x 141.52875pt>
File: figure44-eps-converted-to.pdf Graphic file (type pdf)
<use figure44-eps-converted-to.pdf>
Package pdftex.def Info: figure44-eps-converted-to.pdf  used on input line 7791
.
(pdftex.def)             Requested size: 341.43306pt x 141.18935pt.
 [135 <./figure43-eps-converted-to.pdf>] [136 <./figure44-eps-converted-to.pdf>
]
Package epstopdf Info: Source file: <figure45.eps>
(epstopdf)                    date: 2018-08-23 09:32:33
(epstopdf)                    size: 125326 bytes
(epstopdf)             Output file: <figure45-eps-converted-to.pdf>
(epstopdf)                    date: 2018-08-23 09:36:54
(epstopdf)                    size: 74581 bytes
(epstopdf)             Command: <repstopdf --outfile=figure45-eps-converted-to.
pdf figure45.eps>
(epstopdf)             \includegraphics on input line 7925.
Package epstopdf Info: Output file is already uptodate.
<figure45-eps-converted-to.pdf, id=1622, 227.85126pt x 141.52875pt>
File: figure45-eps-converted-to.pdf Graphic file (type pdf)
<use figure45-eps-converted-to.pdf>
Package pdftex.def Info: figure45-eps-converted-to.pdf  used on input line 7925
.
(pdftex.def)             Requested size: 341.43306pt x 212.08527pt.
 [137] [138 <./figure45-eps-converted-to.pdf>]
Package epstopdf Info: Source file: <figure46.eps>
(epstopdf)                    date: 2018-08-23 09:38:00
(epstopdf)                    size: 138203 bytes
(epstopdf)             Output file: <figure46-eps-converted-to.pdf>
(epstopdf)                    date: 2018-08-23 09:38:02
(epstopdf)                    size: 86137 bytes
(epstopdf)             Command: <repstopdf --outfile=figure46-eps-converted-to.
pdf figure46.eps>
(epstopdf)             \includegraphics on input line 7978.
Package epstopdf Info: Output file is already uptodate.
<figure46-eps-converted-to.pdf, id=1643, 322.20375pt x 155.58125pt>
File: figure46-eps-converted-to.pdf Graphic file (type pdf)
<use figure46-eps-converted-to.pdf>
Package pdftex.def Info: figure46-eps-converted-to.pdf  used on input line 7978
.
(pdftex.def)             Requested size: 341.43306pt x 164.87259pt.
Package epstopdf Info: Source file: <figure47.eps>
(epstopdf)                    date: 2018-08-23 09:38:40
(epstopdf)                    size: 280867 bytes
(epstopdf)             Output file: <figure47-eps-converted-to.pdf>
(epstopdf)                    date: 2018-08-23 09:38:43
(epstopdf)                    size: 105606 bytes
(epstopdf)             Command: <repstopdf --outfile=figure47-eps-converted-to.
pdf figure47.eps>
(epstopdf)             \includegraphics on input line 8000.
Package epstopdf Info: Output file is already uptodate.
<figure47-eps-converted-to.pdf, id=1645, 334.24875pt x 203.76125pt>
File: figure47-eps-converted-to.pdf Graphic file (type pdf)
<use figure47-eps-converted-to.pdf>
Package pdftex.def Info: figure47-eps-converted-to.pdf  used on input line 8000
.
(pdftex.def)             Requested size: 341.43306pt x 208.15706pt.
 [139 <./figure46-eps-converted-to.pdf>] [140 <./figure47-eps-converted-to.pdf>
] [141] [142] [143]
[144]
Package atveryend Info: Empty hook `BeforeClearDocument' on input line 8321.
 [145]
Package atveryend Info: Empty hook `AfterLastShipout' on input line 8321.
 (./notes.aux)
Package atveryend Info: Executing hook `AtVeryEndDocument' on input line 8321.
Package atveryend Info: Executing hook `AtEndAfterFileList' on input line 8321.

Package rerunfilecheck Info: File `notes.out' has not changed.
(rerunfilecheck)             Checksum: 1E67A5850FCD5121B99A4D56A47A638E;4271.
Package atveryend Info: Empty hook `AtVeryVeryEnd' on input line 8321.
 ) 
Here is how much of TeX's memory you used:
 9481 strings out of 493731
 139233 string characters out of 6152120
 232195 words of memory out of 5000000
 12490 multiletter control sequences out of 15000+600000
 18747 words of font info for 72 fonts, out of 8000000 for 9000
 430 hyphenation exceptions out of 8191
 50i,14n,42p,260b,476s stack positions out of 5000i,500n,10000p,200000b,80000s
</opt/local/share/texmf-texlive/fonts/type1/public/amsfonts/cm/cmbx10.pfb></o
pt/local/share/texmf-texlive/fonts/type1/public/amsfonts/cm/cmbx12.pfb></opt/lo
cal/share/texmf-texlive/fonts/type1/public/amsfonts/cm/cmex10.pfb></opt/local/s
hare/texmf-texlive/fonts/type1/public/amsfonts/cmextra/cmex7.pfb></opt/local/sh
are/texmf-texlive/fonts/type1/public/amsfonts/cm/cmmi10.pfb></opt/local/share/t
exmf-texlive/fonts/type1/public/amsfonts/cm/cmmi12.pfb></opt/local/share/texmf-
texlive/fonts/type1/public/amsfonts/cm/cmmi5.pfb></opt/local/share/texmf-texliv
e/fonts/type1/public/amsfonts/cm/cmmi7.pfb></opt/local/share/texmf-texlive/font
s/type1/public/amsfonts/cm/cmmi8.pfb></opt/local/share/texmf-texlive/fonts/type
1/public/amsfonts/cm/cmr10.pfb></opt/local/share/texmf-texlive/fonts/type1/publ
ic/amsfonts/cm/cmr12.pfb></opt/local/share/texmf-texlive/fonts/type1/public/ams
fonts/cm/cmr17.pfb></opt/local/share/texmf-texlive/fonts/type1/public/amsfonts/
cm/cmr5.pfb></opt/local/share/texmf-texlive/fonts/type1/public/amsfonts/cm/cmr7
.pfb></opt/local/share/texmf-texlive/fonts/type1/public/amsfonts/cm/cmr8.pfb></
opt/local/share/texmf-texlive/fonts/type1/public/amsfonts/cm/cmsy10.pfb></opt/l
ocal/share/texmf-texlive/fonts/type1/public/amsfonts/cm/cmsy5.pfb></opt/local/s
hare/texmf-texlive/fonts/type1/public/amsfonts/cm/cmsy7.pfb></opt/local/share/t
exmf-texlive/fonts/type1/public/amsfonts/cm/cmti10.pfb></opt/local/share/texmf-
texlive/fonts/type1/public/amsfonts/symbols/msbm10.pfb></opt/local/share/texmf-
texlive/fonts/type1/public/amsfonts/symbols/msbm7.pfb>
Output written on notes.pdf (146 pages, 1900315 bytes).
PDF statistics:
 1882 PDF objects out of 2073 (max. 8388607)
 1642 compressed objects within 17 object streams
 584 named destinations out of 1000 (max. 500000)
 726 words of extra memory for PDF output out of 10000 (max. 10000000)

