\BOOKMARK [0][-]{chapter.1}{Introduction}{}% 1
\BOOKMARK [0][-]{chapter.2}{Infinite Series}{}% 2
\BOOKMARK [1][-]{section.2.1}{Sequences}{chapter.2}% 3
\BOOKMARK [1][-]{section.2.2}{Definition of Infinite Series}{chapter.2}% 4
\BOOKMARK [1][-]{section.2.3}{Manipulation of Series}{chapter.2}% 5
\BOOKMARK [1][-]{section.2.4}{Absolute and Conditional Convergence}{chapter.2}% 6
\BOOKMARK [1][-]{section.2.5}{Decimal Expansions for Real Numbers}{chapter.2}% 7
\BOOKMARK [1][-]{section.2.6}{Convergence Tests}{chapter.2}% 8
\BOOKMARK [1][-]{section.2.7}{Comparison on Series}{chapter.2}% 9
\BOOKMARK [1][-]{section.2.8}{Values of Infinite Series}{chapter.2}% 10
\BOOKMARK [0][-]{chapter.3}{Taylor Series}{}% 11
\BOOKMARK [1][-]{section.3.1}{Series as Functions}{chapter.3}% 12
\BOOKMARK [1][-]{section.3.2}{Power Series}{chapter.3}% 13
\BOOKMARK [1][-]{section.3.3}{Taylor Series}{chapter.3}% 14
\BOOKMARK [1][-]{section.3.4}{Examples}{chapter.3}% 15
\BOOKMARK [1][-]{section.3.5}{Exponentials and Trigonometry}{chapter.3}% 16
\BOOKMARK [1][-]{section.3.6}{Non-Elementary Functions}{chapter.3}% 17
\BOOKMARK [1][-]{section.3.7}{Approximation and Taylor Polynomials}{chapter.3}% 18
\BOOKMARK [1][-]{section.3.8}{Error Analysis of Series}{chapter.3}% 19
\BOOKMARK [0][-]{chapter.4}{Vector Geometry}{}% 20
\BOOKMARK [1][-]{section.4.1}{Introduction}{chapter.4}% 21
\BOOKMARK [1][-]{section.4.2}{Vectors and Matrices}{chapter.4}% 22
\BOOKMARK [1][-]{section.4.3}{The Environment}{chapter.4}% 23
\BOOKMARK [1][-]{section.4.4}{Linear Operations}{chapter.4}% 24
\BOOKMARK [1][-]{section.4.5}{The Dot Product}{chapter.4}% 25
\BOOKMARK [1][-]{section.4.6}{The Cross Product}{chapter.4}% 26
\BOOKMARK [1][-]{section.4.7}{Local Direction Vectors}{chapter.4}% 27
\BOOKMARK [1][-]{section.4.8}{Linear and Affine Subspaces}{chapter.4}% 28
\BOOKMARK [1][-]{section.4.9}{Loci}{chapter.4}% 29
\BOOKMARK [1][-]{section.4.10}{Standard Forms}{chapter.4}% 30
\BOOKMARK [1][-]{section.4.11}{Transformations of Euclidean Spaces}{chapter.4}% 31
\BOOKMARK [1][-]{section.4.12}{Transformations of R2 or R3}{chapter.4}% 32
\BOOKMARK [1][-]{section.4.13}{Matrix Representation}{chapter.4}% 33
\BOOKMARK [1][-]{section.4.14}{Matrices in R2}{chapter.4}% 34
\BOOKMARK [1][-]{section.4.15}{Determinants}{chapter.4}% 35
\BOOKMARK [1][-]{section.4.16}{Calculation of Determinants}{chapter.4}% 36
\BOOKMARK [0][-]{chapter.5}{Non-Linear Coordinate Systems}{}% 37
\BOOKMARK [1][-]{section.5.1}{Polar Coordinates}{chapter.5}% 38
\BOOKMARK [1][-]{section.5.2}{Spherical and Cylindrical Coordinates}{chapter.5}% 39
\BOOKMARK [0][-]{chapter.6}{Parametric Curves}{}% 40
\BOOKMARK [1][-]{section.6.1}{Introduction}{chapter.6}% 41
\BOOKMARK [1][-]{section.6.2}{Vector Valued Functions}{chapter.6}% 42
\BOOKMARK [1][-]{section.6.3}{Parametric Curves}{chapter.6}% 43
\BOOKMARK [1][-]{section.6.4}{Parametrization}{chapter.6}% 44
\BOOKMARK [1][-]{section.6.5}{Calculus of Parametric Curves}{chapter.6}% 45
\BOOKMARK [1][-]{section.6.6}{Acceleration and Movement in Space}{chapter.6}% 46
\BOOKMARK [1][-]{section.6.7}{Conics}{chapter.6}% 47
\BOOKMARK [1][-]{section.6.8}{Kepler's Laws}{chapter.6}% 48
\BOOKMARK [0][-]{chapter.7}{Topology of Rn}{}% 49
\BOOKMARK [1][-]{section.7.1}{Open and Closed Sets}{chapter.7}% 50
\BOOKMARK [1][-]{section.7.2}{Intervals}{chapter.7}% 51
\BOOKMARK [0][-]{chapter.8}{Multivariable Functions and Partial Differentiation}{}% 52
\BOOKMARK [1][-]{section.8.1}{Definitions}{chapter.8}% 53
\BOOKMARK [1][-]{section.8.2}{Geometry and Graphs of Functions}{chapter.8}% 54
\BOOKMARK [1][-]{section.8.3}{Limits of Multivariable Functions}{chapter.8}% 55
\BOOKMARK [1][-]{section.8.4}{Partial Derivatives}{chapter.8}% 56
\BOOKMARK [1][-]{section.8.5}{Partial Differential Equations}{chapter.8}% 57
\BOOKMARK [1][-]{section.8.6}{Gradients}{chapter.8}% 58
\BOOKMARK [1][-]{section.8.7}{Directional Derivatives}{chapter.8}% 59
\BOOKMARK [1][-]{section.8.8}{The Chain Rule}{chapter.8}% 60
\BOOKMARK [1][-]{section.8.9}{Tangent Planes}{chapter.8}% 61
\BOOKMARK [1][-]{section.8.10}{Linear Approximation}{chapter.8}% 62
\BOOKMARK [0][-]{chapter.9}{Extrema and Optimization}{}% 63
\BOOKMARK [1][-]{section.9.1}{Extrema}{chapter.9}% 64
\BOOKMARK [1][-]{section.9.2}{Constrained Optimization}{chapter.9}% 65
